g++ -W -Wall -Wextra -ansi -g -std=c++11 -I./ -I./src/Visitors/ -I./src/Declarations/ -I./src/Driver/ -c src/Definitions/Program.cc -o obj/Program.o
g++ -W -Wall -Wextra -ansi -g -std=c++11 -I./ -I./src/Visitors/ -I./src/Declarations/ -I./src/Driver/ -c src/Definitions/FieldDeclaration.cc -o obj/FieldDeclaration.o
g++ -W -Wall -Wextra -ansi -g -std=c++11 -I./ -I./src/Visitors/ -I./src/Declarations/ -I./src/Driver/ -c src/Definitions/FieldDeclarationsList.cc -o obj/FieldDeclarationsList.o
g++ -W -Wall -Wextra -ansi -g -std=c++11 -I./ -I./src/Visitors/ -I./src/Declarations/ -I./src/Driver/ -c src/Definitions/MethodDeclaration.cc -o obj/MethodDeclaration.o
g++ -W -Wall -Wextra -ansi -g -std=c++11 -I./ -I./src/Visitors/ -I./src/Declarations/ -I./src/Driver/ -c src/Definitions/MethodDeclarationsList.cc -o obj/MethodDeclarationsList.o
g++ -W -Wall -Wextra -ansi -g -std=c++11 -I./ -I./src/Visitors/ -I./src/Declarations/ -I./src/Driver/ -c src/Definitions/Variable.cc -o obj/Variable.o
g++ -W -Wall -Wextra -ansi -g -std=c++11 -I./ -I./src/Visitors/ -I./src/Declarations/ -I./src/Driver/ -c src/Definitions/VariablesList.cc -o obj/VariablesList.o
g++ -W -Wall -Wextra -ansi -g -std=c++11 -I./ -I./src/Visitors/ -I./src/Declarations/ -I./src/Driver/ -c src/Definitions/VariableLocation.cc -o obj/VariableLocation.o
g++ -W -Wall -Wextra -ansi -g -std=c++11 -I./ -I./src/Visitors/ -I./src/Declarations/ -I./src/Driver/ -c src/Definitions/Argument.cc -o obj/Argument.o
g++ -W -Wall -Wextra -ansi -g -std=c++11 -I./ -I./src/Visitors/ -I./src/Declarations/ -I./src/Driver/ -c src/Definitions/ArgumentsList.cc -o obj/ArgumentsList.o
g++ -W -Wall -Wextra -ansi -g -std=c++11 -I./ -I./src/Visitors/ -I./src/Declarations/ -I./src/Driver/ -c src/Definitions/StatementsList.cc -o obj/StatementsList.o
g++ -W -Wall -Wextra -ansi -g -std=c++11 -I./ -I./src/Visitors/ -I./src/Declarations/ -I./src/Driver/ -c src/Definitions/BlockStatement.cc -o obj/BlockStatement.o
g++ -W -Wall -Wextra -ansi -g -std=c++11 -I./ -I./src/Visitors/ -I./src/Declarations/ -I./src/Driver/ -c src/Definitions/IfElseStatement.cc -o obj/IfElseStatement.o
g++ -W -Wall -Wextra -ansi -g -std=c++11 -I./ -I./src/Visitors/ -I./src/Declarations/ -I./src/Driver/ -c src/Definitions/ForStatement.cc -o obj/ForStatement.o
g++ -W -Wall -Wextra -ansi -g -std=c++11 -I./ -I./src/Visitors/ -I./src/Declarations/ -I./src/Driver/ -c src/Definitions/AssignmentStatement.cc -o obj/AssignmentStatement.o
g++ -W -Wall -Wextra -ansi -g -std=c++11 -I./ -I./src/Visitors/ -I./src/Declarations/ -I./src/Driver/ -c src/Definitions/UserDefinedMethodCall.cc -o obj/UserDefinedMethodCall.o
g++ -W -Wall -Wextra -ansi -g -std=c++11 -I./ -I./src/Visitors/ -I./src/Declarations/ -I./src/Driver/ -c src/Definitions/CalloutMethodCall.cc -o obj/CalloutMethodCall.o
g++ -W -Wall -Wextra -ansi -g -std=c++11 -I./ -I./src/Visitors/ -I./src/Declarations/ -I./src/Driver/ -c src/Definitions/CalloutArgument.cc -o obj/CalloutArgument.o
g++ -W -Wall -Wextra -ansi -g -std=c++11 -I./ -I./src/Visitors/ -I./src/Declarations/ -I./src/Driver/ -c src/Definitions/CalloutArgumentsList.cc -o obj/CalloutArgumentsList.o
g++ -W -Wall -Wextra -ansi -g -std=c++11 -I./ -I./src/Visitors/ -I./src/Declarations/ -I./src/Driver/ -c src/Definitions/ReturnStatement.cc -o obj/ReturnStatement.o
g++ -W -Wall -Wextra -ansi -g -std=c++11 -I./ -I./src/Visitors/ -I./src/Declarations/ -I./src/Driver/ -c src/Definitions/BreakStatement.cc -o obj/BreakStatement.o
g++ -W -Wall -Wextra -ansi -g -std=c++11 -I./ -I./src/Visitors/ -I./src/Declarations/ -I./src/Driver/ -c src/Definitions/ContinueStatement.cc -o obj/ContinueStatement.o
g++ -W -Wall -Wextra -ansi -g -std=c++11 -I./ -I./src/Visitors/ -I./src/Declarations/ -I./src/Driver/ -c src/Definitions/IntegerLiteral.cc -o obj/IntegerLiteral.o
g++ -W -Wall -Wextra -ansi -g -std=c++11 -I./ -I./src/Visitors/ -I./src/Declarations/ -I./src/Driver/ -c src/Definitions/BooleanLiteral.cc -o obj/BooleanLiteral.o
g++ -W -Wall -Wextra -ansi -g -std=c++11 -I./ -I./src/Visitors/ -I./src/Declarations/ -I./src/Driver/ -c src/Definitions/CharacterLiteral.cc -o obj/CharacterLiteral.o
g++ -W -Wall -Wextra -ansi -g -std=c++11 -I./ -I./src/Visitors/ -I./src/Declarations/ -I./src/Driver/ -c src/Definitions/HexadecimalLiteral.cc -o obj/HexadecimalLiteral.o
g++ -W -Wall -Wextra -ansi -g -std=c++11 -I./ -I./src/Visitors/ -I./src/Declarations/ -I./src/Driver/ -c src/Definitions/ExpressionsList.cc -o obj/ExpressionsList.o
g++ -W -Wall -Wextra -ansi -g -std=c++11 -I./ -I./src/Visitors/ -I./src/Declarations/ -I./src/Driver/ -c src/Definitions/UnaryExpression.cc -o obj/UnaryExpression.o
g++ -W -Wall -Wextra -ansi -g -std=c++11 -I./ -I./src/Visitors/ -I./src/Declarations/ -I./src/Driver/ -c src/Definitions/BinaryExpression.cc -o obj/BinaryExpression.o
g++ -W -Wall -Wextra -ansi -g -std=c++11 -I./ -I./src/Visitors/ -I./src/Declarations/ -I./src/Driver/ -c src/Definitions/EnclosedExpression.cc -o obj/EnclosedExpression.o
g++ -W -Wall -Wextra -ansi -g -std=c++11 -I./ -I./src/Visitors/ -I./src/Declarations/ -I./src/Driver/ -c src/Definitions/IdentifiersList.cc -o obj/IdentifiersList.o
g++ -W -Wall -Wextra -ansi -g -std=c++11 -I./ -I./src/Visitors/ -I./src/Declarations/ -I./src/Driver/ -c src/Definitions/VariableDeclaration.cc -o obj/VariableDeclaration.o
g++ -W -Wall -Wextra -ansi -g -std=c++11 -I./ -I./src/Visitors/ -I./src/Declarations/ -I./src/Driver/ -c src/Definitions/VariableDeclarationsList.cc -o obj/VariableDeclarationsList.o
g++ -W -Wall -Wextra -ansi -g -std=c++11 -I./ -I./src/Visitors/ -I./src/Declarations/ -I./src/Driver/ -c src/Driver/Driver.cc -o obj/Driver.o
g++ -W -Wall -Wextra -ansi -g -std=c++11 -I./ -I./src/Visitors/ -I./src/Declarations/ -I./src/Driver/ -c src/Driver/DecafParser.cc -o obj/DecafParser.o
g++ -W -Wall -Wextra -ansi -g -std=c++11 -I./ -I./src/Visitors/ -I./src/Declarations/ -I./src/Driver/ -c ./src/Visitors/AstVisitor.cc -o obj/AstVisitor.o
g++ -W -Wall -Wextra -ansi -g -std=c++11 -I./ -I./src/Visitors/ -I./src/Declarations/ -I./src/Driver/ -c ./src/Driver/Parser.cc -o obj/Parser.o
g++ -W -Wall -Wextra -ansi -g -std=c++11 -I./ -I./src/Visitors/ -I./src/Declarations/ -I./src/Driver/ -c ./src/Driver/Scanner.cc -o obj/Scanner.o
g++  ./obj/Program.o ./obj/FieldDeclaration.o ./obj/FieldDeclarationsList.o ./obj/MethodDeclaration.o ./obj/MethodDeclarationsList.o ./obj/Variable.o ./obj/VariablesList.o ./obj/VariableLocation.o ./obj/Argument.o ./obj/ArgumentsList.o ./obj/StatementsList.o ./obj/BlockStatement.o ./obj/IfElseStatement.o ./obj/ForStatement.o ./obj/AssignmentStatement.o ./obj/UserDefinedMethodCall.o ./obj/CalloutMethodCall.o ./obj/CalloutArgument.o ./obj/CalloutArgumentsList.o ./obj/ReturnStatement.o ./obj/BreakStatement.o ./obj/ContinueStatement.o ./obj/IntegerLiteral.o ./obj/BooleanLiteral.o ./obj/CharacterLiteral.o ./obj/HexadecimalLiteral.o ./obj/ExpressionsList.o ./obj/UnaryExpression.o ./obj/BinaryExpression.o ./obj/EnclosedExpression.o ./obj/IdentifiersList.o ./obj/VariableDeclaration.o ./obj/VariableDeclarationsList.o ./obj/Driver.o ./obj/DecafParser.o ./obj/AstVisitor.o ./obj/Parser.o ./obj/Scanner.o  -o decaf
mv decaf ./bin
decaf Built Successfully.
